<?xml version="1.0" encoding="UTF-8"?>
<!-- Generated by org.testng.reporters.JUnitReportReporter -->
<testsuite skipped="0" hostname="bishwas-ubuntu" name="com.plivo.SlackApiTest.SlackListingChannel" tests="4" failures="0" timestamp="04 Apr 2019 07:46:00 GMT" time="4.868" errors="0">
  <testcase name="renameChannel" time="1.578" classname="com.plivo.SlackApiTest.SlackListingChannel"/>
  <testcase name="verifyArchieve" time="0.677" classname="com.plivo.SlackApiTest.SlackListingChannel"/>
  <testcase name="archiveChannel" time="1.783" classname="com.plivo.SlackApiTest.SlackListingChannel"/>
  <testcase name="joinChannel" time="0.830" classname="com.plivo.SlackApiTest.SlackListingChannel"/>
</testsuite> <!-- com.plivo.SlackApiTest.SlackListingChannel -->
