<?xml version="1.0" encoding="UTF-8"?>
<!-- Generated by org.testng.reporters.JUnitReportReporter -->
<testsuite skipped="0" hostname="bishwas-ubuntu" name="com.plivo.SlackApiTest.SlackListingChannel" tests="4" failures="0" timestamp="04 Apr 2019 08:03:00 GMT" time="5.879" errors="0">
  <testcase name="verifyArchieve" time="0.774" classname="com.plivo.SlackApiTest.SlackListingChannel"/>
  <testcase name="renameChannel" time="2.487" classname="com.plivo.SlackApiTest.SlackListingChannel"/>
  <testcase name="archiveChannel" time="1.874" classname="com.plivo.SlackApiTest.SlackListingChannel"/>
  <testcase name="joinChannel" time="0.744" classname="com.plivo.SlackApiTest.SlackListingChannel"/>
</testsuite> <!-- com.plivo.SlackApiTest.SlackListingChannel -->
